<?xml version="1.0" encoding="UTF-8"?>
<!-- Generated by org.testng.reporters.JUnitXMLReporter -->
<testsuite ignored="0" hostname="Win10D-02938" failures="0" tests="3" name="Default test" time="4.328" errors="0" timestamp="2022-07-26T08:59:06 IST">
  <testcase classname="API_Tests.PutPatchDelete" name="testDelete" time="3.438"/>
  <testcase classname="API_Tests.PutPatchDelete" name="testPatch" time="0.447"/>
  <testcase classname="API_Tests.PutPatchDelete" name="testPut" time="0.316"/>
</testsuite> <!-- Default test -->
