<?xml version="1.0" encoding="UTF-8"?>
<testng-results ignored="0" total="3" passed="3" failed="0" skipped="0">
  <reporter-output>
  </reporter-output>
  <suite started-at="2022-07-26T08:59:02 IST" name="Default suite" finished-at="2022-07-26T08:59:06 IST" duration-ms="4328">
    <groups>
    </groups>
    <test started-at="2022-07-26T08:59:02 IST" name="Default test" finished-at="2022-07-26T08:59:06 IST" duration-ms="4328">
      <class name="API_Tests.PutPatchDelete">
        <test-method signature="testDelete()[pri:0, instance:API_Tests.PutPatchDelete@3e84448c]" started-at="2022-07-26T08:59:02 IST" name="testDelete" finished-at="2022-07-26T08:59:05 IST" duration-ms="3438" status="PASS">
          <reporter-output>
          </reporter-output>
        </test-method> <!-- testDelete -->
        <test-method signature="testPatch()[pri:0, instance:API_Tests.PutPatchDelete@3e84448c]" started-at="2022-07-26T08:59:05 IST" name="testPatch" finished-at="2022-07-26T08:59:06 IST" duration-ms="447" status="PASS">
          <reporter-output>
          </reporter-output>
        </test-method> <!-- testPatch -->
        <test-method signature="testPut()[pri:0, instance:API_Tests.PutPatchDelete@3e84448c]" started-at="2022-07-26T08:59:06 IST" name="testPut" finished-at="2022-07-26T08:59:06 IST" duration-ms="316" status="PASS">
          <reporter-output>
          </reporter-output>
        </test-method> <!-- testPut -->
      </class> <!-- API_Tests.PutPatchDelete -->
    </test> <!-- Default test -->
  </suite> <!-- Default suite -->
</testng-results>
