<?xml version="1.0" encoding="UTF-8"?>
<testng-results ignored="0" total="2" passed="2" failed="0" skipped="0">
  <reporter-output>
  </reporter-output>
  <suite started-at="2022-07-26T08:48:14 IST" name="Default suite" finished-at="2022-07-26T08:48:19 IST" duration-ms="5137">
    <groups>
    </groups>
    <test started-at="2022-07-26T08:48:14 IST" name="Default test" finished-at="2022-07-26T08:48:19 IST" duration-ms="5137">
      <class name="API_Tests.GetAndPost">
        <test-method signature="testGet()[pri:0, instance:API_Tests.GetAndPost@4d5b6aac]" started-at="2022-07-26T08:48:14 IST" name="testGet" finished-at="2022-07-26T08:48:18 IST" duration-ms="4664" status="PASS">
          <reporter-output>
          </reporter-output>
        </test-method> <!-- testGet -->
        <test-method signature="testPost()[pri:0, instance:API_Tests.GetAndPost@4d5b6aac]" started-at="2022-07-26T08:48:18 IST" name="testPost" finished-at="2022-07-26T08:48:19 IST" duration-ms="390" status="PASS">
          <reporter-output>
          </reporter-output>
        </test-method> <!-- testPost -->
      </class> <!-- API_Tests.GetAndPost -->
    </test> <!-- Default test -->
  </suite> <!-- Default suite -->
</testng-results>
